  Proyecto.cpp
C:\Users\DELL\Documents\ProyectoFinal\ConfigInicial\Proyecto.cpp(187,30): warning C4244: 'inicializando': conversión de 'double' a 'GLfloat'; posible pérdida de datos
C:\Users\DELL\Documents\ProyectoFinal\ConfigInicial\Proyecto.cpp(212,27): warning C4244: '=': conversión de 'double' a 'T'; posible pérdida de datos
C:\Users\DELL\Documents\ProyectoFinal\ConfigInicial\Proyecto.cpp(212,27): warning C4244:         with
C:\Users\DELL\Documents\ProyectoFinal\ConfigInicial\Proyecto.cpp(212,27): warning C4244:         [
C:\Users\DELL\Documents\ProyectoFinal\ConfigInicial\Proyecto.cpp(212,27): warning C4244:             T=float
C:\Users\DELL\Documents\ProyectoFinal\ConfigInicial\Proyecto.cpp(212,27): warning C4244:         ]
C:\Users\DELL\Documents\ProyectoFinal\ConfigInicial\Proyecto.cpp(213,27): warning C4244: '=': conversión de 'double' a 'T'; posible pérdida de datos
C:\Users\DELL\Documents\ProyectoFinal\ConfigInicial\Proyecto.cpp(213,27): warning C4244:         with
C:\Users\DELL\Documents\ProyectoFinal\ConfigInicial\Proyecto.cpp(213,27): warning C4244:         [
C:\Users\DELL\Documents\ProyectoFinal\ConfigInicial\Proyecto.cpp(213,27): warning C4244:             T=float
C:\Users\DELL\Documents\ProyectoFinal\ConfigInicial\Proyecto.cpp(213,27): warning C4244:         ]
C:\Users\DELL\Documents\ProyectoFinal\ConfigInicial\Proyecto.cpp(214,27): warning C4244: '=': conversión de 'double' a 'T'; posible pérdida de datos
C:\Users\DELL\Documents\ProyectoFinal\ConfigInicial\Proyecto.cpp(214,27): warning C4244:         with
C:\Users\DELL\Documents\ProyectoFinal\ConfigInicial\Proyecto.cpp(214,27): warning C4244:         [
C:\Users\DELL\Documents\ProyectoFinal\ConfigInicial\Proyecto.cpp(214,27): warning C4244:             T=float
C:\Users\DELL\Documents\ProyectoFinal\ConfigInicial\Proyecto.cpp(214,27): warning C4244:         ]
C:\Users\DELL\Documents\ProyectoFinal\ConfigInicial\Proyecto.cpp(568,17): warning C4244: '=': conversión de 'double' a 'GLfloat'; posible pérdida de datos
C:\Users\DELL\Documents\ProyectoFinal\ConfigInicial\Proyecto.cpp(569,17): warning C4244: '=': conversión de 'double' a 'GLfloat'; posible pérdida de datos
C:\Users\DELL\Documents\ProyectoFinal\ConfigInicial\Proyecto.cpp(572,21): warning C4244: 'inicializando': conversión de 'double' a 'GLfloat'; posible pérdida de datos
C:\Users\DELL\Documents\ProyectoFinal\ConfigInicial\Proyecto.cpp(573,21): warning C4244: 'inicializando': conversión de 'double' a 'GLfloat'; posible pérdida de datos
C:\Users\DELL\Documents\ProyectoFinal\ConfigInicial\Proyecto.cpp(574,13): warning C4244: '=': conversión de 'double' a 'GLfloat'; posible pérdida de datos
C:\Users\DELL\Documents\ProyectoFinal\ConfigInicial\Proyecto.cpp(575,13): warning C4244: '=': conversión de 'double' a 'GLfloat'; posible pérdida de datos
LINK : warning LNK4098: la biblioteca predeterminada'MSVCRT' entra en conflicto con otras bibliotecas; use la biblioteca /NODEFAULTLIB:biblioteca
soil2-debug.lib(etc1_utils.obj) : warning LNK4099: no se encontró PDB 'soil2-debug.pdb' con 'soil2-debug.lib(etc1_utils.obj)' o en 'C:\Users\DELL\Documents\ProyectoFinal\Debug\soil2-debug.pdb'; se vinculará el objeto sin tener en cuenta información de depuración
soil2-debug.lib(image_DXT.obj) : warning LNK4099: no se encontró PDB 'soil2-debug.pdb' con 'soil2-debug.lib(image_DXT.obj)' o en 'C:\Users\DELL\Documents\ProyectoFinal\Debug\soil2-debug.pdb'; se vinculará el objeto sin tener en cuenta información de depuración
soil2-debug.lib(image_helper.obj) : warning LNK4099: no se encontró PDB 'soil2-debug.pdb' con 'soil2-debug.lib(image_helper.obj)' o en 'C:\Users\DELL\Documents\ProyectoFinal\Debug\soil2-debug.pdb'; se vinculará el objeto sin tener en cuenta información de depuración
soil2-debug.lib(SOIL2.obj) : warning LNK4099: no se encontró PDB 'soil2-debug.pdb' con 'soil2-debug.lib(SOIL2.obj)' o en 'C:\Users\DELL\Documents\ProyectoFinal\Debug\soil2-debug.pdb'; se vinculará el objeto sin tener en cuenta información de depuración
  ConfigInicial.vcxproj -> C:\Users\DELL\Documents\ProyectoFinal\Debug\ConfigInicial.exe
